Arguments: 
  /home/trusch/.nvm/versions/node/v16.13.2/bin/node /home/trusch/.yarn/bin/yarn.js add @kiltprotocol/sdk

PATH: 
  /home/trusch/.yarn/bin:/home/trusch/.config/yarn/global/node_modules/.bin:/home/trusch/node/bin:/home/trusch/.cargo/bin:/home/trusch/go/bin:/home/trusch/.vscode-server/bin/92da9481c0904c6adfe372c12da3b7748d74bdcb/bin/remote-cli:/home/trusch/.yarn/bin:/home/trusch/.config/yarn/global/node_modules/.bin:/home/trusch/.nvm/versions/node/v16.13.2/bin:/home/trusch/node/bin:/home/trusch/.cargo/bin:/home/trusch/go/bin:/home/trusch/.cargo/bin:/usr/local/sbin:/usr/local/bin:/usr/sbin:/usr/bin:/sbin:/bin:/usr/games:/usr/local/games:/snap/bin

Yarn version: 
  1.22.19

Node version: 
  16.13.2

Platform: 
  linux x64

Trace: 
  Error: https://registry.yarnpkg.com/@kiltprotocol%2fsdk: Not found
      at Request.params.callback [as _callback] (/home/trusch/.yarn/lib/cli.js:66145:18)
      at Request.self.callback (/home/trusch/.yarn/lib/cli.js:140890:22)
      at Request.emit (node:events:390:28)
      at Request.<anonymous> (/home/trusch/.yarn/lib/cli.js:141862:10)
      at Request.emit (node:events:390:28)
      at IncomingMessage.<anonymous> (/home/trusch/.yarn/lib/cli.js:141784:12)
      at Object.onceWrapper (node:events:509:28)
      at IncomingMessage.emit (node:events:402:35)
      at endReadableNT (node:internal/streams/readable:1343:12)
      at processTicksAndRejections (node:internal/process/task_queues:83:21)

npm manifest: 
  {
    "name": "gen-did",
    "version": "1.0.0",
    "main": "index.js",
    "license": "MIT"
  }

yarn manifest: 
  No manifest

Lockfile: 
  No lockfile
